{"total": {"lines":{"total":97,"covered":97,"skipped":0,"pct":100},"statements":{"total":100,"covered":100,"skipped":0,"pct":100},"functions":{"total":28,"covered":28,"skipped":0,"pct":100},"branches":{"total":20,"covered":20,"skipped":0,"pct":100}}
,"C:\\Users\\User\\Documents\\information enginer\\sem 7\\software quality\\ronniemi-sqe-workshop-2018-sample-project-master\\ronniemi-sqe-workshop-2018-sample-project-master\\src\\js\\code-analyzer.js": {"lines":{"total":2,"covered":2,"skipped":0,"pct":100},"functions":{"total":1,"covered":1,"skipped":0,"pct":100},"statements":{"total":2,"covered":2,"skipped":0,"pct":100},"branches":{"total":0,"covered":0,"skipped":0,"pct":100}}
,"C:\\Users\\User\\Documents\\information enginer\\sem 7\\software quality\\ronniemi-sqe-workshop-2018-sample-project-master\\ronniemi-sqe-workshop-2018-sample-project-master\\src\\js\\code-parser.js": {"lines":{"total":95,"covered":95,"skipped":0,"pct":100},"functions":{"total":27,"covered":27,"skipped":0,"pct":100},"statements":{"total":98,"covered":98,"skipped":0,"pct":100},"branches":{"total":20,"covered":20,"skipped":0,"pct":100}}
}
